2015-09-30 14:53:14.434+0000 INFO  [org.neo4j]: No locking implementation specified, defaulting to 'community'
2015-09-30 14:53:14.511+0000 INFO  [org.neo4j]: --- INITIALIZED diagnostics START ---
2015-09-30 14:53:14.512+0000 INFO  [org.neo4j]: Neo4j Kernel properties:
    store_dir=target/communes-db
    ephemeral=false
2015-09-30 14:53:14.514+0000 INFO  [org.neo4j]: Diagnostics providers:
    org.neo4j.kernel.configuration.Config
    org.neo4j.kernel.info.DiagnosticsManager
    SYSTEM_MEMORY
    JAVA_MEMORY
    OPERATING_SYSTEM
    JAVA_VIRTUAL_MACHINE
    CLASSPATH
    LIBRARY_PATH
    SYSTEM_PROPERTIES
    NETWORK
2015-09-30 14:53:14.515+0000 INFO  [org.neo4j]: System memory information:
    Total Physical memory: 8,00 GB
    Free Physical memory: 134,88 MB
    Committed virtual memory: 5,76 GB
    Total swap space: 2,00 GB
    Free swap space: 1,32 GB
2015-09-30 14:53:14.520+0000 INFO  [org.neo4j]: JVM memory information:
    Free  memory: 70,44 MB
    Total memory: 123,00 MB
    Max   memory: 1,78 GB
    Garbage Collector: PS Scavenge: [PS Eden Space, PS Survivor Space]
    Garbage Collector: PS MarkSweep: [PS Eden Space, PS Survivor Space, PS Old Gen]
    Memory Pool: Code Cache (Non-heap memory): committed=2,69 MB, used=2,68 MB, max=240,00 MB, threshold=0,00 B
    Memory Pool: Metaspace (Non-heap memory): committed=7,88 MB, used=7,42 MB, max=-1,00 B, threshold=0,00 B
    Memory Pool: Compressed Class Space (Non-heap memory): committed=1,13 MB, used=975,39 kB, max=1,00 GB, threshold=0,00 B
    Memory Pool: PS Eden Space (Heap memory): committed=32,50 MB, used=29,01 MB, max=672,50 MB, threshold=?
    Memory Pool: PS Survivor Space (Heap memory): committed=5,00 MB, used=4,97 MB, max=5,00 MB, threshold=?
    Memory Pool: PS Old Gen (Heap memory): committed=85,50 MB, used=18,57 MB, max=1,33 GB, threshold=0,00 B
2015-09-30 14:53:14.527+0000 INFO  [org.neo4j]: Operating system information:
    Operating System: Mac OS X; version: 10.11; arch: x86_64; cpus: 4
    Max number of file descriptors: 10240
    Number of open file descriptors: 35
    Process id: 32422@MacBook-Pro-de-Stephane.local
    Byte order: LITTLE_ENDIAN
    Local timezone: Europe/Paris
2015-09-30 14:53:14.536+0000 INFO  [org.neo4j]: JVM information:
    VM Name: Java HotSpot(TM) 64-Bit Server VM
    VM Vendor: Oracle Corporation
    VM Version: 25.40-b25
    JIT compiler: HotSpot 64-Bit Tiered Compilers
    VM Arguments: [-Dfile.encoding=UTF-8]
2015-09-30 14:53:14.538+0000 INFO  [org.neo4j]: Java classpath:
     [classpath + loader.0] file:/Users/doelia/Downloads/neo4j-community-2.2.5/lib/neo4j-graph-matching-2.2.5.jar
     [classpath + loader.0] file:/Users/doelia/Downloads/neo4j-community-2.2.5/lib/lucene-core-3.6.2.jar
     [classpath + loader.0] file:/Users/doelia/Downloads/neo4j-community-2.2.5/lib/neo4j-cypher-compiler-2.2-2.2.5.jar
     [classpath + loader.0] file:/Users/doelia/Downloads/neo4j-community-2.2.5/lib/neo4j-io-2.2.5.jar
     [classpath + loader.0] file:/Users/doelia/Downloads/neo4j-community-2.2.5/lib/parboiled-core-1.1.7.jar
     [classpath + loader.0] file:/Users/doelia/Downloads/neo4j-community-2.2.5/lib/scala-library-2.10.5.jar
     [bootstrap] /Library/Java/JavaVirtualMachines/jdk1.8.0_40.jdk/Contents/Home/jre/classes
     [loader.1] file:/Library/Java/JavaVirtualMachines/jdk1.8.0_40.jdk/Contents/Home/jre/lib/ext/nashorn.jar
     [classpath + loader.0] file:/Users/doelia/Downloads/neo4j-community-2.2.5/lib/neo4j-lucene-index-2.2.5.jar
     [bootstrap] /Library/Java/JavaVirtualMachines/jdk1.8.0_40.jdk/Contents/Home/jre/lib/jce.jar
     [bootstrap] /Library/Java/JavaVirtualMachines/jdk1.8.0_40.jdk/Contents/Home/jre/lib/jfr.jar
     [classpath + loader.0] file:/Users/doelia/Downloads/neo4j-community-2.2.5/lib/neo4j-jmx-2.2.5.jar
     [classpath + loader.0] file:/Users/doelia/Downloads/neo4j-community-2.2.5/lib/neo4j-udc-2.2.5.jar
     [classpath + loader.0] file:/Users/doelia/Downloads/neo4j-community-2.2.5/lib/neo4j-cypher-2.2.5.jar
     [loader.1] file:/Library/Java/JavaVirtualMachines/jdk1.8.0_40.jdk/Contents/Home/jre/lib/ext/sunpkcs11.jar
     [classpath + loader.0] file:/Users/doelia/Downloads/neo4j-community-2.2.5/lib/neo4j-unsafe-2.2.5.jar
     [classpath + loader.0] file:/Users/doelia/Downloads/neo4j-community-2.2.5/lib/neo4j-shell-2.2.5.jar
     [classpath + loader.0] file:/Users/doelia/Downloads/neo4j-community-2.2.5/lib/neo4j-graph-algo-2.2.5.jar
     [loader.1] file:/Library/Java/JavaVirtualMachines/jdk1.8.0_40.jdk/Contents/Home/jre/lib/ext/jfxrt.jar
     [classpath + loader.0] file:/Users/doelia/Downloads/neo4j-community-2.2.5/lib/org.apache.servicemix.bundles.jline-0.9.94_1.jar
     [loader.1] file:/Library/Java/JavaVirtualMachines/jdk1.8.0_40.jdk/Contents/Home/jre/lib/ext/dnsns.jar
     [classpath + loader.0] file:/Users/doelia/Downloads/neo4j-community-2.2.5/lib/neo4j-kernel-2.2.5.jar
     [loader.1] file:/Library/Java/JavaVirtualMachines/jdk1.8.0_40.jdk/Contents/Home/jre/lib/ext/cldrdata.jar
     [loader.1] file:/Library/Java/JavaVirtualMachines/jdk1.8.0_40.jdk/Contents/Home/jre/lib/ext/sunjce_provider.jar
     [bootstrap] /Library/Java/JavaVirtualMachines/jdk1.8.0_40.jdk/Contents/Home/jre/lib/sunrsasign.jar
     [classpath + loader.0] file:/Users/doelia/Downloads/neo4j-community-2.2.5/lib/concurrentlinkedhashmap-lru-1.4.jar
     [classpath + loader.0] file:/Users/doelia/Downloads/neo4j-community-2.2.5/lib/parboiled-scala_2.10-1.1.7.jar
     [bootstrap] /Library/Java/JavaVirtualMachines/jdk1.8.0_40.jdk/Contents/Home/jre/lib/resources.jar
     [classpath + loader.0] file:/Users/doelia/Downloads/neo4j-community-2.2.5/lib/neo4j-cypher-compiler-2.1-2.1.8.jar
     [classpath + loader.0] file:/Users/doelia/Documents/dev/M2/M2-nosql/eclipse_neo4j/bin/
     [classpath + loader.0] file:/Users/doelia/Downloads/neo4j-community-2.2.5/lib/neo4j-csv-2.2.5.jar
     [classpath + loader.0] file:/Users/doelia/Downloads/neo4j-community-2.2.5/lib/neo4j-cypher-compiler-2.0-2.0.4.jar
     [loader.1] file:/Library/Java/JavaVirtualMachines/jdk1.8.0_40.jdk/Contents/Home/jre/lib/ext/localedata.jar
     [classpath + loader.0] file:/Users/doelia/Downloads/neo4j-community-2.2.5/lib/neo4j-consistency-check-2.2.5.jar
     [loader.1] file:/Library/Java/JavaVirtualMachines/jdk1.8.0_40.jdk/Contents/Home/jre/lib/ext/zipfs.jar
     [bootstrap] /Library/Java/JavaVirtualMachines/jdk1.8.0_40.jdk/Contents/Home/jre/lib/charsets.jar
     [bootstrap] /Library/Java/JavaVirtualMachines/jdk1.8.0_40.jdk/Contents/Home/jre/lib/jsse.jar
     [classpath + loader.0] file:/Users/doelia/Downloads/neo4j-community-2.2.5/lib/neo4j-cypher-compiler-1.9-2.0.4.jar
     [loader.1] file:/System/Library/Java/Extensions/MRJToolkit.jar
     [loader.1] file:/Library/Java/JavaVirtualMachines/jdk1.8.0_40.jdk/Contents/Home/jre/lib/ext/sunec.jar
     [classpath + loader.0] file:/Users/doelia/Downloads/neo4j-community-2.2.5/lib/neo4j-import-tool-2.2.5.jar
     [classpath + loader.0] file:/Users/doelia/Downloads/neo4j-community-2.2.5/lib/neo4j-primitive-collections-2.2.5.jar
     [bootstrap] /Library/Java/JavaVirtualMachines/jdk1.8.0_40.jdk/Contents/Home/jre/lib/rt.jar
     [classpath + loader.0] file:/Users/doelia/Downloads/neo4j-community-2.2.5/lib/server-api-2.2.5.jar
     [classpath + loader.0] file:/Users/doelia/Downloads/neo4j-community-2.2.5/lib/opencsv-2.3.jar
2015-09-30 14:53:14.539+0000 INFO  [org.neo4j]: Library path:
    /Users/doelia/Library/Java/Extensions
    /Library/Java/Extensions
    /Network/Library/Java/Extensions
    /System/Library/Java/Extensions
    /usr/lib/java
    /Users/doelia/Documents/dev/M2/M2-nosql/eclipse_neo4j
2015-09-30 14:53:14.540+0000 INFO  [org.neo4j]: System.properties:
    sun.boot.library.path = /Library/Java/JavaVirtualMachines/jdk1.8.0_40.jdk/Contents/Home/jre/lib
    gopherProxySet = false
    path.separator = :
    file.encoding.pkg = sun.io
    user.country = FR
    sun.java.launcher = SUN_STANDARD
    sun.os.patch.level = unknown
    user.dir = /Users/doelia/Documents/dev/M2/M2-nosql/eclipse_neo4j
    sun.jnu.encoding = UTF-8
    sun.management.compiler = HotSpot 64-Bit Tiered Compilers
    http.nonProxyHosts = local|*.local|169.254/16|*.169.254/16
    user.home = /Users/doelia
    user.timezone = Europe/Paris
    file.encoding = UTF-8
    user.name = doelia
    sun.java.command = eclipse_neo4j.Main
    sun.arch.data.model = 64
    user.language = fr
    awt.toolkit = sun.lwawt.macosx.LWCToolkit
    file.separator = /
    sun.io.unicode.encoding = UnicodeBig
    sun.cpu.endian = little
    socksNonProxyHosts = local|*.local|169.254/16|*.169.254/16
    ftp.nonProxyHosts = local|*.local|169.254/16|*.169.254/16
    sun.cpu.isalist = 
2015-09-30 14:53:14.541+0000 INFO  [org.neo4j]: Network information:
    Interface utun0:
        address: fd16:fa71:15e1:d8b2:c8da:3056:9cf1:dfc0
        address: fe80:0:0:0:c8da:3056:9cf1:dfc0%utun0
    Interface awdl0:
        address: fe80:0:0:0:4cf0:49ff:fe82:5fa3%awdl0
    Interface en0:
        address: fe80:0:0:0:6e40:8ff:febb:2818%en0
        address: 162.38.27.63
    Interface lo0:
        address: fe80:0:0:0:0:0:0:1%lo0
        address: 0:0:0:0:0:0:0:1
        address: 127.0.0.1
2015-09-30 14:53:14.545+0000 INFO  [org.neo4j]: --- INITIALIZED diagnostics END ---
2015-09-30 14:53:14.711+0000 INFO  [org.neo4j]: Creating new db @ target/communes-db/neostore
2015-09-30 14:53:14.930+0000 INFO  [org.neo4j]: No lucene scan store index found, this might just be first use. Preparing to rebuild.
2015-09-30 14:53:14.946+0000 INFO  [org.neo4j]: No lucene scan store index found, this might just be first use. Preparing to rebuild.
2015-09-30 14:53:14.999+0000 INFO  [org.neo4j]: Opened logical log [target/communes-db/neostore.transaction.db.0] version=0, lastTxId=1 (clean)
2015-09-30 14:53:15.003+0000 WARN  [org.neo4j]: Missing counts store, rebuilding it.
2015-09-30 14:53:15.091+0000 INFO  [org.neo4j]: Rebuilding lucene scan store, this may take a while
2015-09-30 14:53:15.092+0000 INFO  [org.neo4j]: Lucene scan store rebuilt (roughly -1 nodes)
2015-09-30 14:53:15.100+0000 INFO  [org.neo4j]: Kernel health set to OK
2015-09-30 14:53:15.457+0000 INFO  [org.neo4j]: --- STARTED diagnostics for KernelDiagnostics:Versions START ---
2015-09-30 14:53:15.457+0000 INFO  [org.neo4j]: Graph Database: org.neo4j.kernel.EmbeddedGraphDatabase StoreId{creationTime=1443624794710, randomId=6181400166298612456, storeVersion=14969031248344582, upgradeTime=1443624794710, upgradeId=1}
2015-09-30 14:53:15.457+0000 INFO  [org.neo4j]: Kernel version: Neo4j - Graph Database Kernel (neo4j-kernel), version: 2.2.5
2015-09-30 14:53:15.457+0000 INFO  [org.neo4j]: Neo4j component versions:
2015-09-30 14:53:15.465+0000 INFO  [org.neo4j]:   Neo4j - Cypher Compiler 1.9 (neo4j-cypher-compiler-1.9), version: 2.0.4; revision: 2.0.4:2.0-maint:130/4a7d10bc274a5d26a180bbe9df25100e8a694748
2015-09-30 14:53:15.465+0000 INFO  [org.neo4j]:   Neo4j - Consistency Checker (neo4j-consistency-check), version: 2.2.5; revision: 2.2.5:2.2:151/cf9c7fe724d193d2d54c55eb0c82cc9036fc05d6-dirty
2015-09-30 14:53:15.465+0000 INFO  [org.neo4j]:   Neo4j - Cypher Compiler 2.2 (neo4j-cypher-compiler-2.2), version: 2.2.5; revision: 2.2.5:2.2:151/cf9c7fe724d193d2d54c55eb0c82cc9036fc05d6-dirty
2015-09-30 14:53:15.465+0000 INFO  [org.neo4j]:   Neo4j - Import Command Line Tool (neo4j-import-tool), version: 2.2.5; revision: 2.2.5:2.2:151/cf9c7fe724d193d2d54c55eb0c82cc9036fc05d6-dirty
2015-09-30 14:53:15.465+0000 INFO  [org.neo4j]:   Neo4j - Server API (server-api), version: 2.2.5; revision: 2.2.5:2.2:151/cf9c7fe724d193d2d54c55eb0c82cc9036fc05d6-dirty
2015-09-30 14:53:15.465+0000 INFO  [org.neo4j]:   Neo4j - Graph Database Kernel (neo4j-kernel), version: 2.2.5; revision: 2.2.5:2.2:151/cf9c7fe724d193d2d54c55eb0c82cc9036fc05d6-dirty
2015-09-30 14:53:15.466+0000 INFO  [org.neo4j]:   Neo4j - Cypher Compiler 2.1 (neo4j-cypher-compiler-2.1), version: 2.1.8; revision: 2.1.8:2.1-maint:687/5c83ce3a5ddf33259593f719153ce71a6fe89fc7
2015-09-30 14:53:15.466+0000 INFO  [org.neo4j]:   Neo4j - Generic shell (neo4j-shell), version: 2.2.5; revision: 2.2.5:2.2:151/cf9c7fe724d193d2d54c55eb0c82cc9036fc05d6-dirty
2015-09-30 14:53:15.466+0000 INFO  [org.neo4j]:   neo4j-udc, version: 2.2.5; revision: 2.2.5:2.2:151/cf9c7fe724d193d2d54c55eb0c82cc9036fc05d6-dirty
2015-09-30 14:53:15.466+0000 INFO  [org.neo4j]:   Neo4j - Lucene Index (neo4j-lucene-index), version: 2.2.5; revision: 2.2.5:2.2:151/cf9c7fe724d193d2d54c55eb0c82cc9036fc05d6-dirty
2015-09-30 14:53:15.466+0000 INFO  [org.neo4j]:   Neo4j - Cypher Compiler 2.0 (neo4j-cypher-compiler-2.0), version: 2.0.4; revision: 2.0.4:2.0-maint:130/4a7d10bc274a5d26a180bbe9df25100e8a694748
2015-09-30 14:53:15.466+0000 INFO  [org.neo4j]:   Neo4j - Graph Matching (neo4j-graph-matching), version: 2.2.5; revision: 2.2.5:2.2:151/cf9c7fe724d193d2d54c55eb0c82cc9036fc05d6-dirty
2015-09-30 14:53:15.466+0000 INFO  [org.neo4j]:   Neo4j - JMX support (neo4j-jmx), version: 2.2.5; revision: 2.2.5:2.2:151/cf9c7fe724d193d2d54c55eb0c82cc9036fc05d6-dirty
2015-09-30 14:53:15.466+0000 INFO  [org.neo4j]:   Neo4j - Cypher (neo4j-cypher), version: 2.2.5; revision: 2.2.5:2.2:151/cf9c7fe724d193d2d54c55eb0c82cc9036fc05d6-dirty
2015-09-30 14:53:15.466+0000 INFO  [org.neo4j]:   Neo4j - Graph Algorithms (neo4j-graph-algo), version: 2.2.5; revision: 2.2.5:2.2:151/cf9c7fe724d193d2d54c55eb0c82cc9036fc05d6-dirty
2015-09-30 14:53:15.466+0000 INFO  [org.neo4j]: --- STARTED diagnostics for KernelDiagnostics:Versions END ---
2015-09-30 14:53:15.468+0000 INFO  [org.neo4j]: --- STARTED diagnostics for NEO_STORE_VERSIONS START ---
2015-09-30 14:53:15.469+0000 INFO  [org.neo4j]: Store versions:
    Store versions:
      NeoStore v0.A.5
      SchemaStore v0.A.5
      NodeStore v0.A.5
      RelationshipStore v0.A.5
      RelationshipTypeStore v0.A.5
      LabelTokenStore v0.A.5
      PropertyStore v0.A.5
      PropertyIndexStore v0.A.5
      StringPropertyStore v0.A.5
      ArrayPropertyStore v0.A.5
      RelationshipGroupStore v0.A.5
2015-09-30 14:53:15.469+0000 INFO  [org.neo4j]: --- STARTED diagnostics for NEO_STORE_VERSIONS END ---
2015-09-30 14:53:15.470+0000 INFO  [org.neo4j]: --- STARTED diagnostics for NEO_STORE_ID_USAGE START ---
2015-09-30 14:53:15.470+0000 INFO  [org.neo4j]: Id usage:
    Id usage:
      SchemaStore: used=1 high=0
      NodeStore: used=0 high=-1
      RelationshipStore: used=0 high=-1
      RelationshipTypeStore: used=0 high=-1
      LabelTokenStore: used=0 high=-1
      PropertyStore: used=0 high=-1
      PropertyIndexStore: used=0 high=-1
      StringPropertyStore: used=1 high=0
      ArrayPropertyStore: used=1 high=0
      RelationshipGroupStore: used=1 high=0
2015-09-30 14:53:15.471+0000 INFO  [org.neo4j]: --- STARTED diagnostics for NEO_STORE_ID_USAGE END ---
2015-09-30 14:53:15.471+0000 INFO  [org.neo4j]: --- STARTED diagnostics for KernelDiagnostics:StoreFiles START ---
2015-09-30 14:53:15.472+0000 INFO  [org.neo4j]: Disk space on partition (Total / Free / Free %): 120154296320 / 11566530560 / 9
Storage files: (filename : modification date - size)
      index:
      - Total: 2015-09-30T16:53:14+0200 - 0,00 B
      lock: 2015-09-30T16:53:14+0200 - 0,00 B
      messages.log: 2015-09-30T16:53:15+0200 - 14,33 kB
      neostore: 2015-09-30T16:53:14+0200 - 99,00 B
      neostore.counts.db.a: 2015-09-30T16:53:15+0200 - 114,00 B
      neostore.id: 2015-09-30T16:53:14+0200 - 9,00 B
      neostore.labeltokenstore.db: 2015-09-30T16:53:14+0200 - 0,00 B
      neostore.labeltokenstore.db.id: 2015-09-30T16:53:14+0200 - 9,00 B
      neostore.labeltokenstore.db.names: 2015-09-30T16:53:14+0200 - 38,00 B
      neostore.labeltokenstore.db.names.id: 2015-09-30T16:53:14+0200 - 9,00 B
      neostore.nodestore.db: 2015-09-30T16:53:14+0200 - 0,00 B
      neostore.nodestore.db.id: 2015-09-30T16:53:14+0200 - 9,00 B
      neostore.nodestore.db.labels: 2015-09-30T16:53:14+0200 - 68,00 B
      neostore.nodestore.db.labels.id: 2015-09-30T16:53:14+0200 - 9,00 B
      neostore.propertystore.db: 2015-09-30T16:53:14+0200 - 0,00 B
      neostore.propertystore.db.arrays: 2015-09-30T16:53:14+0200 - 128,00 B
      neostore.propertystore.db.arrays.id: 2015-09-30T16:53:14+0200 - 9,00 B
      neostore.propertystore.db.id: 2015-09-30T16:53:14+0200 - 9,00 B
      neostore.propertystore.db.index: 2015-09-30T16:53:14+0200 - 0,00 B
      neostore.propertystore.db.index.id: 2015-09-30T16:53:14+0200 - 9,00 B
      neostore.propertystore.db.index.keys: 2015-09-30T16:53:14+0200 - 38,00 B
      neostore.propertystore.db.index.keys.id: 2015-09-30T16:53:14+0200 - 9,00 B
      neostore.propertystore.db.strings: 2015-09-30T16:53:14+0200 - 128,00 B
      neostore.propertystore.db.strings.id: 2015-09-30T16:53:14+0200 - 9,00 B
      neostore.relationshipgroupstore.db: 2015-09-30T16:53:14+0200 - 25,00 B
      neostore.relationshipgroupstore.db.id: 2015-09-30T16:53:14+0200 - 9,00 B
      neostore.relationshipstore.db: 2015-09-30T16:53:14+0200 - 0,00 B
      neostore.relationshipstore.db.id: 2015-09-30T16:53:14+0200 - 9,00 B
      neostore.relationshiptypestore.db: 2015-09-30T16:53:14+0200 - 0,00 B
      neostore.relationshiptypestore.db.id: 2015-09-30T16:53:14+0200 - 9,00 B
      neostore.relationshiptypestore.db.names: 2015-09-30T16:53:14+0200 - 38,00 B
      neostore.relationshiptypestore.db.names.id: 2015-09-30T16:53:14+0200 - 9,00 B
      neostore.schemastore.db: 2015-09-30T16:53:14+0200 - 64,00 B
      neostore.schemastore.db.id: 2015-09-30T16:53:14+0200 - 9,00 B
      neostore.transaction.db.0: 2015-09-30T16:53:14+0200 - 16,00 B
      schema:
        label:
          lucene:
            write.lock: 2015-09-30T16:53:14+0200 - 0,00 B
          - Total: 2015-09-30T16:53:14+0200 - 0,00 B
        - Total: 2015-09-30T16:53:14+0200 - 0,00 B
      - Total: 2015-09-30T16:53:14+0200 - 0,00 B
      store_lock: 2015-09-30T16:53:14+0200 - 0,00 B
